<?xml version="1.0" encoding="UTF-8"?>
<testng-results ignored="4" total="5" passed="1" failed="0" skipped="0">
  <reporter-output>
  </reporter-output>
  <suite started-at="2024-03-20T08:49:06 PDT" name="Default suite" finished-at="2024-03-20T08:49:09 PDT" duration-ms="3361">
    <groups>
    </groups>
    <test started-at="2024-03-20T08:49:06 PDT" name="Default test" finished-at="2024-03-20T08:49:09 PDT" duration-ms="3361">
      <class name="org.github.tests.ValidateAddUpdateDeleteRepo_Functionality">
        <test-method is-config="true" signature="beforeSuite()[pri:0, instance:org.github.tests.ValidateAddUpdateDeleteRepo_Functionality@31c88ec8]" started-at="2024-03-20T08:49:06 PDT" name="beforeSuite" finished-at="2024-03-20T08:49:06 PDT" duration-ms="122" status="PASS">
          <reporter-output>
          </reporter-output>
        </test-method> <!-- beforeSuite -->
        <test-method is-config="true" signature="beforeClass()[pri:0, instance:org.github.tests.ValidateAddUpdateDeleteRepo_Functionality@31c88ec8]" started-at="2024-03-20T08:49:06 PDT" name="beforeClass" finished-at="2024-03-20T08:49:07 PDT" duration-ms="875" status="PASS">
          <reporter-output>
          </reporter-output>
        </test-method> <!-- beforeClass -->
        <test-method signature="validateDeleteRepo_NonExistentRepo()[pri:0, instance:org.github.tests.ValidateAddUpdateDeleteRepo_Functionality@31c88ec8]" started-at="2024-03-20T08:49:07 PDT" name="validateDeleteRepo_NonExistentRepo" finished-at="2024-03-20T08:49:09 PDT" duration-ms="2437" status="PASS">
          <reporter-output>
          </reporter-output>
        </test-method> <!-- validateDeleteRepo_NonExistentRepo -->
      </class> <!-- org.github.tests.ValidateAddUpdateDeleteRepo_Functionality -->
    </test> <!-- Default test -->
  </suite> <!-- Default suite -->
</testng-results>
