<?xml version="1.0" encoding="UTF-8"?>
<!-- Generated by org.testng.reporters.JUnitXMLReporter -->
<testsuite ignored="0" hostname="Shanti-Windows-Laptop" failures="3" tests="4" name="Add Update delete repo functionality" time="0.49" errors="0" timestamp="2024-03-31T17:20:01 PDT">
  <testcase classname="org.github.tests.ValidateAddUpdateDeleteRepo_Functionality" name="validateDeleteRepo_NonExistentRepo" time="0.411"/>
  <testcase classname="org.github.tests.ValidateAddUpdateDeleteRepo_Functionality" name="validateCreateRepoFunc_ExistingRepoName" time="0.045">
    <failure type="java.lang.AssertionError" message="create new repo functionality is failing due to :: Invalid number of path parameters. Expected 0, was 2. Redundant path parameters are: owner=RenuDix, repo=Fakercom.github.javafaker.FunnyName@5bb2fb2b.">
      <![CDATA[java.lang.AssertionError: create new repo functionality is failing due to :: Invalid number of path parameters. Expected 0, was 2. Redundant path parameters are: owner=RenuDix, repo=Fakercom.github.javafaker.FunnyName@5bb2fb2b.
at com.github.base.APIHelper.addData(APIHelper.java:128)
at org.github.tests.ValidateAddUpdateDeleteRepo_Functionality.validateCreateRepoFunctionality(ValidateAddUpdateDeleteRepo_Functionality.java:51)
at org.github.tests.ValidateAddUpdateDeleteRepo_Functionality.validateCreateRepoFunc_ExistingRepoName(ValidateAddUpdateDeleteRepo_Functionality.java:82)
at java.base/java.util.ArrayList.forEach(ArrayList.java:1511)
... Removed 26 stack frames]]>
    </failure>
  </testcase> <!-- validateCreateRepoFunc_ExistingRepoName -->
  <testcase classname="org.github.tests.ValidateAddUpdateDeleteRepo_Functionality" name="validateDeleteRepo" time="0.008">
    <failure type="java.lang.AssertionError" message="create new repo functionality is failing due to :: Invalid number of path parameters. Expected 0, was 2. Redundant path parameters are: owner=RenuDix, repo=Fakercom.github.javafaker.FunnyName@5bb2fb2b.">
      <![CDATA[java.lang.AssertionError: create new repo functionality is failing due to :: Invalid number of path parameters. Expected 0, was 2. Redundant path parameters are: owner=RenuDix, repo=Fakercom.github.javafaker.FunnyName@5bb2fb2b.
at com.github.base.APIHelper.addData(APIHelper.java:128)
at org.github.tests.ValidateAddUpdateDeleteRepo_Functionality.validateCreateRepoFunctionality(ValidateAddUpdateDeleteRepo_Functionality.java:51)
at org.github.tests.ValidateAddUpdateDeleteRepo_Functionality.validateDeleteRepo(ValidateAddUpdateDeleteRepo_Functionality.java:136)
at java.base/java.util.ArrayList.forEach(ArrayList.java:1511)
... Removed 26 stack frames]]>
    </failure>
  </testcase> <!-- validateDeleteRepo -->
  <testcase classname="org.github.tests.ValidateAddUpdateDeleteRepo_Functionality" name="validateUpdateRepoFunctionality" time="0.009">
    <failure type="java.lang.AssertionError" message="create new repo functionality is failing due to :: Invalid number of path parameters. Expected 0, was 2. Redundant path parameters are: owner=RenuDix, repo=Fakercom.github.javafaker.FunnyName@5bb2fb2b.">
      <![CDATA[java.lang.AssertionError: create new repo functionality is failing due to :: Invalid number of path parameters. Expected 0, was 2. Redundant path parameters are: owner=RenuDix, repo=Fakercom.github.javafaker.FunnyName@5bb2fb2b.
at com.github.base.APIHelper.addData(APIHelper.java:128)
at org.github.tests.ValidateAddUpdateDeleteRepo_Functionality.validateCreateRepoFunctionality(ValidateAddUpdateDeleteRepo_Functionality.java:51)
at org.github.tests.ValidateAddUpdateDeleteRepo_Functionality.validateUpdateRepoFunctionality(ValidateAddUpdateDeleteRepo_Functionality.java:116)
at java.base/java.util.ArrayList.forEach(ArrayList.java:1511)
... Removed 26 stack frames]]>
    </failure>
  </testcase> <!-- validateUpdateRepoFunctionality -->
</testsuite> <!-- Add Update delete repo functionality -->
