<?xml version="1.0" encoding="UTF-8"?>
<!-- Generated by org.testng.reporters.JUnitXMLReporter -->
<testsuite ignored="0" hostname="Shanti-Windows-Laptop" failures="0" tests="2" name="Login functionality" time="7.882" errors="0" timestamp="2024-03-19T09:04:16 PDT">
  <testcase classname="org.techArk.tests.login.ValidateLoginAPI_Functionality" name="validateLoginWithValidCredentials" time="4.956"/>
  <testcase classname="org.techArk.tests.login.ValidateLoginAPI_Functionality" name="validateLoginWithInValidCredentials" time="0.398"/>
</testsuite> <!-- Login functionality -->
