<?xml version="1.0" encoding="UTF-8"?>
<!-- Generated by org.testng.reporters.JUnitXMLReporter -->
<testsuite ignored="0" hostname="Shanti-Windows-Laptop" failures="0" tests="3" name="put data functionality" time="3.331" errors="0" timestamp="2024-03-19T21:56:30 PDT">
  <testcase classname="org.github.tests.ValidateGetRepo_Functionality" name="validateGetAllRepositories" time="1.719"/>
  <testcase classname="org.github.tests.ValidateGetRepo_Functionality" name="validateGetRepo_InvalidRepo" time="0.346"/>
  <testcase classname="org.github.tests.ValidateGetRepo_Functionality" name="validateGetSingleRepo" time="0.395"/>
</testsuite> <!-- put data functionality -->
