<?xml version="1.0" encoding="UTF-8"?>
<!-- Generated by org.testng.reporters.JUnitXMLReporter -->
<testsuite ignored="4" hostname="Shanti-Windows-Laptop" failures="0" tests="1" name="Default test" time="3.361" errors="0" timestamp="2024-03-20T08:49:09 PDT">
  <testcase classname="org.github.tests.ValidateAddUpdateDeleteRepo_Functionality" name="validateDeleteRepo_NonExistentRepo" time="2.437"/>
  <testcase classname="org.github.tests.ValidateAddUpdateDeleteRepo_Functionality" name="validateCreateRepoFunc_ExistingRepoName" time="0.0">
    <ignored/>
  </testcase> <!-- validateCreateRepoFunc_ExistingRepoName -->
  <testcase classname="org.github.tests.ValidateAddUpdateDeleteRepo_Functionality" name="validateUpdateRepoFunctionality" time="0.0">
    <ignored/>
  </testcase> <!-- validateUpdateRepoFunctionality -->
  <testcase classname="org.github.tests.ValidateAddUpdateDeleteRepo_Functionality" name="validateDeleteRepo" time="0.0">
    <ignored/>
  </testcase> <!-- validateDeleteRepo -->
  <testcase classname="org.github.tests.ValidateAddUpdateDeleteRepo_Functionality" name="validateCreateRepoFunctionality" time="0.0">
    <ignored/>
  </testcase> <!-- validateCreateRepoFunctionality -->
</testsuite> <!-- Default test -->
