<?xml version="1.0" encoding="UTF-8"?>
<!-- Generated by org.testng.reporters.JUnitXMLReporter -->
<testsuite ignored="4" hostname="Shanti-Windows-Laptop" failures="0" tests="1" name="Default test" time="3.556" errors="0" timestamp="2024-03-31T20:01:12 PDT">
  <testcase classname="org.github.tests.ValidateAddUpdateDeleteRepo_Functionality" name="validateCreateRepoFunc_ExistingRepoName" time="3.006"/>
  <testcase classname="org.github.tests.ValidateAddUpdateDeleteRepo_Functionality" name="validateCreateRepoFunctionality1" time="0.0">
    <ignored/>
  </testcase> <!-- validateCreateRepoFunctionality1 -->
  <testcase classname="org.github.tests.ValidateAddUpdateDeleteRepo_Functionality" name="validateUpdateRepoFunctionality" time="0.0">
    <ignored/>
  </testcase> <!-- validateUpdateRepoFunctionality -->
  <testcase classname="org.github.tests.ValidateAddUpdateDeleteRepo_Functionality" name="validateDeleteRepo" time="0.0">
    <ignored/>
  </testcase> <!-- validateDeleteRepo -->
  <testcase classname="org.github.tests.ValidateAddUpdateDeleteRepo_Functionality" name="validateDeleteRepo_NonExistentRepo" time="0.0">
    <ignored/>
  </testcase> <!-- validateDeleteRepo_NonExistentRepo -->
</testsuite> <!-- Default test -->
